2018-09-20T21:09:07.019Z: Live Mode: Kinect connection made
2018-09-20T21:09:07.032Z: Thu Sep 20 2018 17:09:07 GMT-0400 (GMT-04:00) connection made
2018-09-20T21:09:07.034Z: starting skeleton
2018-09-20T21:09:07.035Z: kinect is open
2018-09-20T21:09:32.574Z: Live Mode: Kinect connection made
2018-09-20T21:09:32.587Z: Thu Sep 20 2018 17:09:32 GMT-0400 (GMT-04:00) connection made
2018-09-20T21:09:32.589Z: starting skeleton
2018-09-20T21:09:32.590Z: kinect is open
2018-09-20T21:11:57.582Z: Live Mode: Kinect connection made
2018-09-20T21:11:57.596Z: Thu Sep 20 2018 17:11:57 GMT-0400 (GMT-04:00) connection made
2018-09-20T21:11:57.598Z: starting skeleton
2018-09-20T21:11:57.600Z: kinect is open
2018-09-20T21:13:47.424Z: Live Mode: Kinect connection made
2018-09-20T21:13:47.439Z: Thu Sep 20 2018 17:13:47 GMT-0400 (GMT-04:00) connection made
2018-09-20T21:13:47.441Z: starting skeleton
2018-09-20T21:13:47.442Z: kinect is open
2018-09-20T21:14:03.511Z: stopping skeleton
2018-09-20T21:15:00.159Z: Thu Sep 20 2018 17:15:00 GMT-0400 (GMT-04:00) connection made
2018-09-20T21:15:00.165Z: starting skeleton
2018-09-20T21:15:00.167Z: kinect is open
2018-09-20T21:15:06.363Z: stopping skeleton
2018-09-20T21:16:31.683Z: Thu Sep 20 2018 17:16:31 GMT-0400 (GMT-04:00) connection made
2018-09-20T21:16:31.888Z: starting skeleton
2018-09-20T21:16:31.890Z: kinect is open
2018-09-20T21:16:41.929Z: Live Mode: Kinect connection made
2018-09-20T21:16:41.942Z: Connection made to http://128.122.151.58:8000
2018-09-20T21:16:41.944Z: starting skeleton
2018-09-20T21:16:41.945Z: kinect is open
2018-09-20T21:16:52.557Z: stopping skeleton
