2018-11-01T12:04:37.521Z: listening on port 8000
2018-11-01T12:05:32.426Z: User of type 0 with id xi30twsMdbouQZdKAAAB connected
2018-11-01T12:05:32.426Z: Current number of kinect clients connected: 1
2018-11-01T12:05:38.371Z: User of type undefined with id yDQzxJFNXcs2KqW3AAAA disconnected
2018-11-01T12:05:38.371Z: User of type undefined with id yDQzxJFNXcs2KqW3AAAA disconnected
2018-11-01T12:05:38.901Z: User of type 1 with id xtjYaMUtsZDnxsIMAAAC connected
2018-11-01T12:11:35.013Z: User of type 1 with id xtjYaMUtsZDnxsIMAAAC disconnected
2018-11-01T12:11:35.013Z: User of type 1 with id xtjYaMUtsZDnxsIMAAAC disconnected
2018-11-01T12:11:46.685Z: User of type 0 with id xi30twsMdbouQZdKAAAB disconnected
2018-11-01T12:11:46.685Z: User of type 0 with id xi30twsMdbouQZdKAAAB disconnected
2018-11-01T12:17:09.511Z: User of type 1 with id NrKHA8ypbkxTUdhUAAAD connected
2018-11-01T12:25:16.665Z: User of type 0 with id sL0BHSzRIKYjXRkvAAAE connected
2018-11-01T12:25:16.665Z: Current number of kinect clients connected: 1
2018-11-01T13:01:38.841Z: User of type 0 with id H33wPt-70JnuK8HdAAAF connected
2018-11-01T13:01:38.841Z: Current number of kinect clients connected: 2
2018-11-01T13:01:43.117Z: User of type 1 with id NrKHA8ypbkxTUdhUAAAD disconnected
2018-11-01T13:01:43.117Z: User of type 1 with id NrKHA8ypbkxTUdhUAAAD disconnected
2018-11-01T13:01:43.615Z: User of type 1 with id 8AYVwCfgJGSMgP9qAAAG connected
2018-11-01T13:02:59.728Z: User of type 0 with id H33wPt-70JnuK8HdAAAF disconnected
2018-11-01T13:02:59.728Z: User of type 0 with id H33wPt-70JnuK8HdAAAF disconnected
2018-11-01T13:03:01.001Z: User of type 1 with id 8AYVwCfgJGSMgP9qAAAG disconnected
2018-11-01T13:03:01.002Z: User of type 1 with id 8AYVwCfgJGSMgP9qAAAG disconnected
2018-11-01T13:03:01.482Z: User of type 1 with id JSkWRWMgX-rDy9RFAAAH connected
2018-11-01T13:04:22.348Z: listening on port 8000
2018-11-01T13:04:34.034Z: User of type 0 with id mnP9Z78CYwa6yh2OAAAB connected
2018-11-01T13:04:34.034Z: Current number of kinect clients connected: 1
2018-11-01T13:04:36.439Z: User of type undefined with id nwl5q22fT77aQtA_AAAA disconnected
2018-11-01T13:04:36.439Z: User of type undefined with id nwl5q22fT77aQtA_AAAA disconnected
2018-11-01T13:04:36.908Z: User of type 1 with id ewGJckXoWzIvxuNeAAAC connected
2018-11-01T13:04:45.133Z: User of type 1 with id ewGJckXoWzIvxuNeAAAC disconnected
2018-11-01T13:04:45.133Z: User of type 1 with id ewGJckXoWzIvxuNeAAAC disconnected
2018-11-01T13:04:45.636Z: User of type 1 with id EY_8KBf-XN9CXZIzAAAD connected
2018-11-01T13:04:52.505Z: User of type 1 with id EY_8KBf-XN9CXZIzAAAD disconnected
2018-11-01T13:04:52.505Z: User of type 1 with id EY_8KBf-XN9CXZIzAAAD disconnected
2018-11-01T13:04:52.980Z: User of type 1 with id 5RpP8O4TuH_pWXn6AAAE connected
2018-11-01T13:05:08.534Z: User of type 1 with id 5RpP8O4TuH_pWXn6AAAE disconnected
2018-11-01T13:05:08.534Z: User of type 1 with id 5RpP8O4TuH_pWXn6AAAE disconnected
2018-11-01T13:05:09.011Z: User of type 1 with id 5AZMfab-b13S_YMSAAAF connected
2018-11-01T13:06:21.220Z: User of type 1 with id 5AZMfab-b13S_YMSAAAF disconnected
2018-11-01T13:06:21.220Z: User of type 1 with id 5AZMfab-b13S_YMSAAAF disconnected
2018-11-01T13:06:21.710Z: User of type 1 with id A2Cp0WPHOxHPYw9rAAAG connected
2018-11-01T13:06:37.455Z: User of type 1 with id A2Cp0WPHOxHPYw9rAAAG disconnected
2018-11-01T13:06:37.455Z: User of type 1 with id A2Cp0WPHOxHPYw9rAAAG disconnected
2018-11-01T13:06:37.935Z: User of type 1 with id b7wSIkqoT_S8bHIKAAAH connected
2018-11-01T13:06:48.211Z: User of type 1 with id b7wSIkqoT_S8bHIKAAAH disconnected
2018-11-01T13:06:48.212Z: User of type 1 with id b7wSIkqoT_S8bHIKAAAH disconnected
2018-11-01T13:06:48.684Z: User of type 1 with id KiQhCvL0IhxT3MltAAAI connected
2018-11-01T13:07:06.280Z: User of type 1 with id KiQhCvL0IhxT3MltAAAI disconnected
2018-11-01T13:07:06.280Z: User of type 1 with id KiQhCvL0IhxT3MltAAAI disconnected
2018-11-01T13:07:06.774Z: User of type 1 with id 1u13BYrzOtYgXjOtAAAJ connected
2018-11-01T13:07:35.155Z: User of type 1 with id 1u13BYrzOtYgXjOtAAAJ disconnected
2018-11-01T13:07:35.155Z: User of type 1 with id 1u13BYrzOtYgXjOtAAAJ disconnected
2018-11-01T13:07:35.654Z: User of type 1 with id XfZeX9kx9LNvmrX4AAAK connected
2018-11-01T13:08:29.880Z: User of type 1 with id XfZeX9kx9LNvmrX4AAAK disconnected
2018-11-01T13:08:29.880Z: User of type 1 with id XfZeX9kx9LNvmrX4AAAK disconnected
2018-11-01T13:08:30.376Z: User of type 1 with id y8v24owLuAjcsAiGAAAL connected
2018-11-01T13:09:39.135Z: User of type 0 with id mnP9Z78CYwa6yh2OAAAB disconnected
2018-11-01T13:09:39.136Z: User of type 0 with id mnP9Z78CYwa6yh2OAAAB disconnected
2018-11-01T13:09:58.264Z: User of type 0 with id iBnzGHeRltafCmGsAAAM connected
2018-11-01T13:09:58.264Z: Current number of kinect clients connected: 1
2018-11-01T13:10:00.616Z: User of type 1 with id y8v24owLuAjcsAiGAAAL disconnected
2018-11-01T13:10:00.616Z: User of type 1 with id y8v24owLuAjcsAiGAAAL disconnected
2018-11-01T13:10:01.106Z: User of type 1 with id YKc_PKAC8C70UGxzAAAN connected
2018-11-01T13:10:50.938Z: User of type 1 with id YKc_PKAC8C70UGxzAAAN disconnected
2018-11-01T13:10:50.939Z: User of type 1 with id YKc_PKAC8C70UGxzAAAN disconnected
2018-11-01T13:10:51.413Z: User of type 1 with id hbGYCJwJ3_HtFsBSAAAO connected
2018-11-01T13:11:08.644Z: User of type 1 with id hbGYCJwJ3_HtFsBSAAAO disconnected
2018-11-01T13:11:08.644Z: User of type 1 with id hbGYCJwJ3_HtFsBSAAAO disconnected
2018-11-01T13:12:03.715Z: User of type 0 with id iBnzGHeRltafCmGsAAAM disconnected
2018-11-01T13:12:03.715Z: User of type 0 with id iBnzGHeRltafCmGsAAAM disconnected
2018-11-01T13:12:17.225Z: User of type 0 with id LSN6cuxGbTZMGHNpAAAP connected
2018-11-01T13:12:17.225Z: Current number of kinect clients connected: 1
2018-11-01T13:12:20.904Z: User of type 1 with id jCI__P4Hm5ICKzFnAAAQ connected
2018-11-01T13:12:21.921Z: User of type 1 with id jCI__P4Hm5ICKzFnAAAQ disconnected
2018-11-01T13:12:21.921Z: User of type 1 with id jCI__P4Hm5ICKzFnAAAQ disconnected
2018-11-01T13:12:22.393Z: User of type 1 with id cyFbxC_fP3fW3Ak9AAAR connected
2018-11-01T13:14:31.909Z: User of type 1 with id cyFbxC_fP3fW3Ak9AAAR disconnected
2018-11-01T13:14:31.909Z: User of type 1 with id cyFbxC_fP3fW3Ak9AAAR disconnected
2018-11-01T13:14:32.387Z: User of type 1 with id qKKRyiVwwGLDwCvwAAAS connected
2018-11-01T13:15:15.801Z: User of type 1 with id qKKRyiVwwGLDwCvwAAAS disconnected
2018-11-01T13:15:15.802Z: User of type 1 with id qKKRyiVwwGLDwCvwAAAS disconnected
2018-11-01T13:15:16.282Z: User of type 1 with id DwZGqXeOs_WKnOw6AAAT connected
2018-11-01T13:16:09.814Z: User of type 1 with id DwZGqXeOs_WKnOw6AAAT disconnected
2018-11-01T13:16:09.814Z: User of type 1 with id DwZGqXeOs_WKnOw6AAAT disconnected
2018-11-01T13:16:10.296Z: User of type 1 with id mlq2A0jVedLcZ0kWAAAU connected
2018-11-01T13:17:19.998Z: User of type 1 with id mlq2A0jVedLcZ0kWAAAU disconnected
2018-11-01T13:17:19.998Z: User of type 1 with id mlq2A0jVedLcZ0kWAAAU disconnected
2018-11-01T13:17:20.479Z: User of type 1 with id XiqPdDarEbX-uUxFAAAV connected
2018-11-01T13:17:22.406Z: User of type 1 with id XiqPdDarEbX-uUxFAAAV disconnected
2018-11-01T13:17:22.406Z: User of type 1 with id XiqPdDarEbX-uUxFAAAV disconnected
2018-11-01T13:17:22.874Z: User of type 1 with id jnWXvZTKbmNZVLtWAAAW connected
2018-11-01T13:17:53.570Z: User of type 1 with id jnWXvZTKbmNZVLtWAAAW disconnected
2018-11-01T13:17:53.570Z: User of type 1 with id jnWXvZTKbmNZVLtWAAAW disconnected
2018-11-01T13:17:54.046Z: User of type 1 with id U7YjWLPIJ6zmI1agAAAX connected
2018-11-01T13:20:16.738Z: User of type 1 with id U7YjWLPIJ6zmI1agAAAX disconnected
2018-11-01T13:20:16.738Z: User of type 1 with id U7YjWLPIJ6zmI1agAAAX disconnected
2018-11-01T13:20:17.217Z: User of type 1 with id DVmXQLX9kkjo2MWDAAAY connected
2018-11-01T13:20:27.621Z: User of type 1 with id DVmXQLX9kkjo2MWDAAAY disconnected
2018-11-01T13:20:27.621Z: User of type 1 with id DVmXQLX9kkjo2MWDAAAY disconnected
2018-11-01T13:20:28.110Z: User of type 1 with id 7xydQG35Sb7g-zNdAAAZ connected
2018-11-01T13:20:43.354Z: User of type 1 with id 7xydQG35Sb7g-zNdAAAZ disconnected
2018-11-01T13:20:43.354Z: User of type 1 with id 7xydQG35Sb7g-zNdAAAZ disconnected
2018-11-01T13:20:43.815Z: User of type 1 with id Q0DwW3IDOfJ8BZ8XAAAa connected
2018-11-01T13:20:51.707Z: User of type 1 with id Q0DwW3IDOfJ8BZ8XAAAa disconnected
2018-11-01T13:20:51.707Z: User of type 1 with id Q0DwW3IDOfJ8BZ8XAAAa disconnected
2018-11-01T13:20:52.180Z: User of type 1 with id 6k0Wd_ZClWwoKDJTAAAb connected
2018-11-01T13:21:26.253Z: User of type 1 with id 6k0Wd_ZClWwoKDJTAAAb disconnected
2018-11-01T13:21:26.253Z: User of type 1 with id 6k0Wd_ZClWwoKDJTAAAb disconnected
2018-11-01T13:21:26.735Z: User of type 1 with id 4aMkaT-FraOYiOeSAAAc connected
2018-11-01T13:21:40.843Z: User of type 1 with id 4aMkaT-FraOYiOeSAAAc disconnected
2018-11-01T13:21:40.843Z: User of type 1 with id 4aMkaT-FraOYiOeSAAAc disconnected
2018-11-01T13:21:41.322Z: User of type 1 with id WjutbqqKvYpbMHWPAAAd connected
2018-11-01T13:21:50.644Z: User of type 1 with id WjutbqqKvYpbMHWPAAAd disconnected
2018-11-01T13:21:50.644Z: User of type 1 with id WjutbqqKvYpbMHWPAAAd disconnected
2018-11-01T13:21:51.128Z: User of type 1 with id Dxc5MtrJtTzlwSmoAAAe connected
2018-11-01T13:22:07.789Z: User of type 1 with id Dxc5MtrJtTzlwSmoAAAe disconnected
2018-11-01T13:22:07.789Z: User of type 1 with id Dxc5MtrJtTzlwSmoAAAe disconnected
2018-11-01T13:22:08.283Z: User of type 1 with id aqigZb9WgQlKN6IEAAAf connected
2018-11-01T13:26:33.120Z: User of type 1 with id aqigZb9WgQlKN6IEAAAf disconnected
2018-11-01T13:26:33.120Z: User of type 1 with id aqigZb9WgQlKN6IEAAAf disconnected
2018-11-01T13:26:33.605Z: User of type 1 with id 5pqNRzdzlNE7zLCMAAAg connected
2018-11-01T13:26:36.752Z: User of type 1 with id 5pqNRzdzlNE7zLCMAAAg disconnected
2018-11-01T13:26:36.752Z: User of type 1 with id 5pqNRzdzlNE7zLCMAAAg disconnected
2018-11-01T13:26:37.215Z: User of type 1 with id yB6Zb0ENkDUqpKXJAAAh connected
2018-11-01T13:26:41.254Z: User of type 1 with id yB6Zb0ENkDUqpKXJAAAh disconnected
2018-11-01T13:26:41.254Z: User of type 1 with id yB6Zb0ENkDUqpKXJAAAh disconnected
2018-11-01T13:26:41.713Z: User of type 1 with id qTrSSV54Y2xOioWvAAAi connected
2018-11-01T13:26:42.772Z: User of type 1 with id qTrSSV54Y2xOioWvAAAi disconnected
2018-11-01T13:26:42.772Z: User of type 1 with id qTrSSV54Y2xOioWvAAAi disconnected
2018-11-01T13:26:43.241Z: User of type 1 with id NYxjP5S4OB5tSgPrAAAj connected
2018-11-01T13:27:03.926Z: User of type 1 with id NYxjP5S4OB5tSgPrAAAj disconnected
2018-11-01T13:27:03.926Z: User of type 1 with id NYxjP5S4OB5tSgPrAAAj disconnected
2018-11-01T13:27:04.416Z: User of type 1 with id ZWfjvwsRAt93r2xEAAAk connected
2018-11-01T13:33:57.165Z: User of type 1 with id ZWfjvwsRAt93r2xEAAAk disconnected
2018-11-01T13:33:57.165Z: User of type 1 with id ZWfjvwsRAt93r2xEAAAk disconnected
2018-11-01T13:33:57.646Z: User of type 1 with id fwSZcWeafNcEFNYXAAAl connected
2018-11-01T13:34:08.482Z: User of type 1 with id fwSZcWeafNcEFNYXAAAl disconnected
2018-11-01T13:34:08.483Z: User of type 1 with id fwSZcWeafNcEFNYXAAAl disconnected
2018-11-01T13:34:08.960Z: User of type 1 with id xRvLEmwyD2AOqCfEAAAm connected
2018-11-01T13:34:20.294Z: User of type 1 with id xRvLEmwyD2AOqCfEAAAm disconnected
2018-11-01T13:34:20.294Z: User of type 1 with id xRvLEmwyD2AOqCfEAAAm disconnected
2018-11-01T13:34:20.759Z: User of type 1 with id x7n_YzNGEmj_cLZFAAAn connected
2018-11-01T13:34:29.111Z: User of type 1 with id x7n_YzNGEmj_cLZFAAAn disconnected
2018-11-01T13:34:29.111Z: User of type 1 with id x7n_YzNGEmj_cLZFAAAn disconnected
2018-11-01T13:34:29.583Z: User of type 1 with id UgWr5nEAF1KFjt7cAAAo connected
2018-11-01T13:34:40.420Z: User of type 1 with id UgWr5nEAF1KFjt7cAAAo disconnected
2018-11-01T13:34:40.420Z: User of type 1 with id UgWr5nEAF1KFjt7cAAAo disconnected
2018-11-01T13:34:40.899Z: User of type 1 with id 2Ooo7Yjb8W_gbuywAAAp connected
2018-11-01T13:35:00.556Z: User of type 1 with id 2Ooo7Yjb8W_gbuywAAAp disconnected
2018-11-01T13:35:00.556Z: User of type 1 with id 2Ooo7Yjb8W_gbuywAAAp disconnected
2018-11-01T13:35:01.041Z: User of type 1 with id Hg25qXb0YgJBHxBWAAAq connected
2018-11-01T13:35:57.246Z: User of type 1 with id Hg25qXb0YgJBHxBWAAAq disconnected
2018-11-01T13:35:57.246Z: User of type 1 with id Hg25qXb0YgJBHxBWAAAq disconnected
2018-11-01T13:35:57.722Z: User of type 1 with id I9CfC3kfJpbToBjLAAAr connected
2018-11-01T13:36:00.544Z: User of type 1 with id I9CfC3kfJpbToBjLAAAr disconnected
2018-11-01T13:36:00.544Z: User of type 1 with id I9CfC3kfJpbToBjLAAAr disconnected
2018-11-01T13:36:01.031Z: User of type 1 with id va0-5PgA6L867w74AAAs connected
2018-11-01T13:36:07.736Z: User of type 1 with id va0-5PgA6L867w74AAAs disconnected
2018-11-01T13:36:07.736Z: User of type 1 with id va0-5PgA6L867w74AAAs disconnected
2018-11-01T13:36:08.217Z: User of type 1 with id yIY4-Tog6B4cEatbAAAt connected
2018-11-01T13:37:22.648Z: User of type 1 with id yIY4-Tog6B4cEatbAAAt disconnected
2018-11-01T13:37:22.648Z: User of type 1 with id yIY4-Tog6B4cEatbAAAt disconnected
2018-11-01T13:37:23.131Z: User of type 1 with id iXZ6h1DznHzA1rT6AAAu connected
2018-11-01T13:37:36.833Z: User of type 1 with id iXZ6h1DznHzA1rT6AAAu disconnected
2018-11-01T13:37:36.833Z: User of type 1 with id iXZ6h1DznHzA1rT6AAAu disconnected
2018-11-01T13:37:37.314Z: User of type 1 with id L0YaCYyn2IwtUBdzAAAv connected
2018-11-01T13:37:53.233Z: User of type 1 with id L0YaCYyn2IwtUBdzAAAv disconnected
2018-11-01T13:37:53.233Z: User of type 1 with id L0YaCYyn2IwtUBdzAAAv disconnected
2018-11-01T13:37:53.716Z: User of type 1 with id 6uIfDCjGFy-ug3BfAAAw connected
2018-11-01T13:38:02.019Z: User of type 1 with id 6uIfDCjGFy-ug3BfAAAw disconnected
2018-11-01T13:38:02.019Z: User of type 1 with id 6uIfDCjGFy-ug3BfAAAw disconnected
2018-11-01T13:38:02.500Z: User of type 1 with id 5xvxtwtQEUzQJMSsAAAx connected
2018-11-01T13:38:09.706Z: User of type 1 with id 5xvxtwtQEUzQJMSsAAAx disconnected
2018-11-01T13:38:09.707Z: User of type 1 with id 5xvxtwtQEUzQJMSsAAAx disconnected
2018-11-01T13:38:10.180Z: User of type 1 with id 9MGPZEFHuT6NkIqGAAAy connected
