2018-11-03T16:51:58.131Z: listening on port 8000
2018-11-03T16:52:00.000Z: User of type 0 with id KATQ9ygeSWFoqn6MAAAA connected
2018-11-03T16:52:00.000Z: Current number of kinect clients connected: 1
2018-11-03T16:52:02.290Z: User of type 0 with id gT3Ygn1vmBNNSdwTAAAB connected
2018-11-03T16:52:02.290Z: Current number of kinect clients connected: 2
2018-11-03T16:52:11.641Z: User of type 1 with id KMt43CtMA7J0Jnl3AAAC connected
2018-11-03T16:52:20.648Z: User of type 0 with id 8hJMDp9rLGeJ5r7RAAAD connected
2018-11-03T16:52:20.648Z: Current number of kinect clients connected: 3
2018-11-03T16:52:27.692Z: User of type 1 with id KMt43CtMA7J0Jnl3AAAC disconnected
2018-11-03T16:52:27.692Z: User of type 1 with id KMt43CtMA7J0Jnl3AAAC disconnected
2018-11-03T16:52:28.414Z: User of type 1 with id JuECMFDuMDFauOsAAAAE connected
2018-11-03T16:54:19.952Z: User of type 0 with id 8hJMDp9rLGeJ5r7RAAAD disconnected
2018-11-03T16:54:19.952Z: User of type 0 with id 8hJMDp9rLGeJ5r7RAAAD disconnected
2018-11-03T16:54:21.767Z: User of type 0 with id gT3Ygn1vmBNNSdwTAAAB disconnected
2018-11-03T16:54:21.767Z: User of type 0 with id gT3Ygn1vmBNNSdwTAAAB disconnected
2018-11-03T16:54:23.016Z: User of type 0 with id KATQ9ygeSWFoqn6MAAAA disconnected
2018-11-03T16:54:23.016Z: User of type 0 with id KATQ9ygeSWFoqn6MAAAA disconnected
2018-11-03T18:01:19.917Z: listening on port 8000
2018-11-03T18:01:22.335Z: User of type 0 with id vv0Fr2gMkCYG2HJBAAAA connected
2018-11-03T18:01:22.336Z: Current number of kinect clients connected: 1
2018-11-03T18:01:24.516Z: User of type 0 with id VnvqCjNYqe_3r3szAAAB connected
2018-11-03T18:01:24.516Z: Current number of kinect clients connected: 2
2018-11-03T18:01:36.915Z: User of type 0 with id 7WGsBNn7v_0DS6yrAAAC connected
2018-11-03T18:01:36.915Z: Current number of kinect clients connected: 3
2018-11-03T18:01:48.340Z: User of type 1 with id e0ld11ERpsMZT0BtAAAD connected
2018-11-03T18:02:11.338Z: User of type 0 with id VnvqCjNYqe_3r3szAAAB disconnected
2018-11-03T18:02:11.338Z: User of type 0 with id VnvqCjNYqe_3r3szAAAB disconnected
2018-11-03T18:02:12.740Z: User of type 0 with id vv0Fr2gMkCYG2HJBAAAA disconnected
2018-11-03T18:02:12.740Z: User of type 0 with id vv0Fr2gMkCYG2HJBAAAA disconnected
2018-11-03T18:02:17.901Z: User of type 1 with id e0ld11ERpsMZT0BtAAAD disconnected
2018-11-03T18:02:17.901Z: User of type 1 with id e0ld11ERpsMZT0BtAAAD disconnected
2018-11-03T18:02:18.595Z: User of type 1 with id z0Rfv9XH5c0k5iBpAAAE connected
2018-11-03T18:31:31.043Z: User of type 0 with id 7WGsBNn7v_0DS6yrAAAC disconnected
2018-11-03T18:31:31.043Z: User of type 0 with id 7WGsBNn7v_0DS6yrAAAC disconnected
2018-11-03T18:35:09.354Z: listening on port 8000
2018-11-03T18:35:18.031Z: User of type 0 with id G6cHeVteuxdL8UlNAAAB connected
2018-11-03T18:35:18.031Z: Current number of kinect clients connected: 1
2018-11-03T18:35:23.905Z: User of type 1 with id KSkxcINimIclYuwmAAAC connected
2018-11-03T18:36:47.877Z: listening on port 8000
2018-11-03T18:36:49.483Z: User of type 0 with id GOg-0zyhzdqLCc4oAAAA connected
2018-11-03T18:36:49.483Z: Current number of kinect clients connected: 1
2018-11-03T18:37:00.941Z: User of type 0 with id EFK8DT7IYLJd8fleAAAD connected
2018-11-03T18:37:00.941Z: Current number of kinect clients connected: 2
2018-11-03T18:37:04.237Z: User of type 0 with id G-9_OFWX4D7ERqkeAAAE connected
2018-11-03T18:37:04.238Z: Current number of kinect clients connected: 3
2018-11-03T18:37:08.468Z: User of type undefined with id YjuEfn4p51ihy9RiAAAC disconnected
2018-11-03T18:37:08.468Z: User of type undefined with id YjuEfn4p51ihy9RiAAAC disconnected
2018-11-03T18:37:08.807Z: User of type 1 with id wf3mWnWnEN0GXkRGAAAF connected
2018-11-03T18:42:58.922Z: User of type 0 with id G-9_OFWX4D7ERqkeAAAE disconnected
2018-11-03T18:42:58.922Z: User of type 0 with id G-9_OFWX4D7ERqkeAAAE disconnected
2018-11-03T18:42:59.834Z: User of type 0 with id EFK8DT7IYLJd8fleAAAD disconnected
2018-11-03T18:42:59.834Z: User of type 0 with id EFK8DT7IYLJd8fleAAAD disconnected
